<?xml version="1.0" encoding="UTF-8"?>
<!-- Generated by org.testng.reporters.JUnitXMLReporter -->
<testsuite ignored="0" hostname="surya" failures="0" tests="5" name="Default test" time="35.871" errors="0" timestamp="2026-07-26T17:24:54 IST">
  <testcase classname="tests.ProductTest" name="verifyProductPagetitle" time="0.072"/>
  <testcase classname="tests.ProductTest" name="inventryitems" time="0.232"/>
  <testcase classname="tests.ProductTest" name="removeitems" time="0.343"/>
  <testcase classname="tests.ProductTest" name="verifyProductPagelogo" time="0.028"/>
  <testcase classname="tests.ProductTest" name="backtoprroduct" time="0.208"/>
</testsuite> <!-- Default test -->
