<?xml version="1.0" encoding="UTF-8"?>
<!-- Generated by org.testng.reporters.JUnitXMLReporter -->
<testsuite ignored="0" hostname="surya" failures="1" tests="7" name="test1" time="28.457" errors="0" timestamp="2026-06-22T21:56:14 IST">
  <testcase classname="tests.ProductTest" name="verifyProductPagelogo" time="0.101"/>
  <testcase classname="tests.ProductTest" name="verifyProductPagetitle" time="0.083">
    <failure type="java.lang.AssertionError" message="title passed  expected [Product] but found [Products]">
      <![CDATA[java.lang.AssertionError: title passed  expected [Product] but found [Products]
at tests.ProductTest.verifyProductPagetitle(ProductTest.java:42)
at java.base/java.util.ArrayList.forEach(ArrayList.java:1597)
... Removed 30 stack frames]]>
    </failure>
  </testcase> <!-- verifyProductPagetitle -->
  <testcase classname="tests.carttest" name="cartest" time="0.2"/>
  <testcase classname="tests.carttest" name="checkout" time="0.179"/>
  <testcase classname="tests.carttest" name="continueshoping" time="0.137"/>
  <testcase classname="tests.LoginPageTest" name="testing" time="0.677"/>
  <testcase classname="tests.LoginPageTest" name="testinglogincred" time="1.504"/>
</testsuite> <!-- test1 -->
