<?xml version="1.0" encoding="UTF-8"?>
<!-- Generated by org.testng.reporters.JUnitXMLReporter -->
<testsuite ignored="0" hostname="surya" failures="0" tests="10" name="test2" time="126.214" errors="0" timestamp="2026-07-27T20:10:08 IST">
  <testcase classname="tests.ProductTest" name="verifyProductPagetitle" time="0.112"/>
  <testcase classname="tests.cartTest" name="cartest" time="0.438"/>
  <testcase classname="tests.ProductTest" name="inventryitems" time="0.846"/>
  <testcase classname="tests.LoginPageTest" name="testing" time="1.093"/>
  <testcase classname="tests.cartTest" name="continueshoping" time="1.216"/>
  <testcase classname="tests.ProductTest" name="removeitems" time="1.256"/>
  <testcase classname="tests.LoginPageTest" name="testinglogincred" time="0.463"/>
  <testcase classname="tests.ProductTest" name="verifyProductPagelogo" time="0.199"/>
  <testcase classname="tests.cartTest" name="checkout" time="0.494"/>
  <testcase classname="tests.ProductTest" name="backtoprroduct" time="0.876"/>
</testsuite> <!-- test2 -->
