<?xml version="1.0" encoding="UTF-8"?>
<!-- Generated by org.testng.reporters.JUnitXMLReporter -->
<testsuite ignored="0" hostname="surya" failures="0" tests="10" name="test3" time="166.776" errors="0" timestamp="2026-07-27T20:10:48 IST">
  <testcase classname="tests.ProductTest" name="verifyProductPagetitle" time="0.132"/>
  <testcase classname="tests.cartTest" name="cartest" time="0.225"/>
  <testcase classname="tests.ProductTest" name="inventryitems" time="0.467"/>
  <testcase classname="tests.LoginPageTest" name="testing" time="1.582"/>
  <testcase classname="tests.cartTest" name="continueshoping" time="0.373"/>
  <testcase classname="tests.ProductTest" name="removeitems" time="0.789"/>
  <testcase classname="tests.LoginPageTest" name="testinglogincred" time="0.391"/>
  <testcase classname="tests.ProductTest" name="verifyProductPagelogo" time="0.051"/>
  <testcase classname="tests.cartTest" name="checkout" time="0.187"/>
  <testcase classname="tests.ProductTest" name="backtoprroduct" time="0.25"/>
</testsuite> <!-- test3 -->
