<?xml version="1.0" encoding="UTF-8"?>
<!-- Generated by org.testng.reporters.JUnitXMLReporter -->
<testsuite ignored="0" hostname="surya" failures="0" tests="5" name="test 3" time="60.993" errors="0" timestamp="2026-07-04T21:48:28 IST">
  <testcase classname="tests.ProductTest" name="verifyProductPagetitle" time="3.036"/>
  <testcase classname="tests.ProductTest" name="inventryitems" time="0.212"/>
  <testcase classname="tests.ProductTest" name="removeitems" time="0.32"/>
  <testcase classname="tests.ProductTest" name="verifyProductPagelogo" time="0.033"/>
  <testcase classname="tests.ProductTest" name="backtoprroduct" time="30.191"/>
</testsuite> <!-- test 3 -->
