<?xml version="1.0" encoding="UTF-8"?>
<!-- Generated by org.testng.reporters.JUnitXMLReporter -->
<testsuite ignored="0" hostname="surya" failures="0" tests="10" name="test3" time="116.503" errors="0" timestamp="2026-07-26T17:31:34 IST">
  <testcase classname="tests.ProductTest" name="verifyProductPagetitle" time="0.043"/>
  <testcase classname="tests.cartTest" name="cartest" time="0.268"/>
  <testcase classname="tests.ProductTest" name="inventryitems" time="0.483"/>
  <testcase classname="tests.LoginPageTest" name="testing" time="0.539"/>
  <testcase classname="tests.cartTest" name="continueshoping" time="0.25"/>
  <testcase classname="tests.ProductTest" name="removeitems" time="0.962"/>
  <testcase classname="tests.LoginPageTest" name="testinglogincred" time="0.367"/>
  <testcase classname="tests.ProductTest" name="verifyProductPagelogo" time="0.049"/>
  <testcase classname="tests.cartTest" name="checkout" time="0.246"/>
  <testcase classname="tests.ProductTest" name="backtoprroduct" time="0.218"/>
</testsuite> <!-- test3 -->
