<?xml version="1.0" encoding="UTF-8"?>
<!-- Generated by org.testng.reporters.JUnitXMLReporter -->
<testsuite ignored="0" hostname="surya" failures="0" tests="5" name="test2" time="76.66" errors="0" timestamp="2026-07-04T21:47:27 IST">
  <testcase classname="tests.ProductTest" name="verifyProductPagetitle" time="3.024"/>
  <testcase classname="tests.ProductTest" name="inventryitems" time="0.287"/>
  <testcase classname="tests.ProductTest" name="removeitems" time="0.392"/>
  <testcase classname="tests.ProductTest" name="verifyProductPagelogo" time="0.05"/>
  <testcase classname="tests.ProductTest" name="backtoprroduct" time="30.246"/>
</testsuite> <!-- test2 -->
