<?xml version="1.0" encoding="UTF-8"?>
<!-- Generated by org.testng.reporters.JUnitXMLReporter -->
<testsuite ignored="0" hostname="surya" failures="0" tests="10" name="Test1" time="96.119" errors="0" timestamp="2026-07-12T10:20:47 IST">
  <testcase classname="tests.carttest" name="cartest" time="0.14"/>
  <testcase classname="tests.carttest" name="continueshoping" time="0.117"/>
  <testcase classname="tests.carttest" name="checkout" time="0.115"/>
  <testcase classname="tests.LoginPageTest" name="testing" time="0.344"/>
  <testcase classname="tests.LoginPageTest" name="testinglogincred" time="0.262"/>
  <testcase classname="tests.ProductTest" name="verifyProductPagetitle" time="3.036"/>
  <testcase classname="tests.ProductTest" name="inventryitems" time="0.243"/>
  <testcase classname="tests.ProductTest" name="removeitems" time="0.312"/>
  <testcase classname="tests.ProductTest" name="verifyProductPagelogo" time="0.039"/>
  <testcase classname="tests.ProductTest" name="backtoprroduct" time="30.188"/>
</testsuite> <!-- Test1 -->
