<?xml version="1.0" encoding="UTF-8"?>
<!-- Generated by org.testng.reporters.JUnitXMLReporter -->
<testsuite ignored="0" hostname="surya" failures="0" tests="10" name="Test1" time="104.881" errors="0" timestamp="2026-07-26T17:31:22 IST">
  <testcase classname="tests.ProductTest" name="verifyProductPagetitle" time="0.074"/>
  <testcase classname="tests.cartTest" name="cartest" time="0.517"/>
  <testcase classname="tests.ProductTest" name="inventryitems" time="0.466"/>
  <testcase classname="tests.LoginPageTest" name="testing" time="0.847"/>
  <testcase classname="tests.cartTest" name="continueshoping" time="0.311"/>
  <testcase classname="tests.ProductTest" name="removeitems" time="0.895"/>
  <testcase classname="tests.LoginPageTest" name="testinglogincred" time="1.489"/>
  <testcase classname="tests.ProductTest" name="verifyProductPagelogo" time="0.052"/>
  <testcase classname="tests.cartTest" name="checkout" time="0.339"/>
  <testcase classname="tests.ProductTest" name="backtoprroduct" time="0.457"/>
</testsuite> <!-- Test1 -->
