<?xml version="1.0" encoding="UTF-8"?>
<testng-results ignored="0" total="30" passed="30" failed="0" skipped="0">
  <reporter-output>
  </reporter-output>
  <suite started-at="2026-07-26T17:29:37 IST" name="Suite" finished-at="2026-07-26T17:31:34 IST" duration-ms="116503">
    <groups>
      <group name="tedx">
        <method signature="ProductTest.verifyProductPagetitle()[pri:0, instance:tests.ProductTest@2aceadd4]" name="verifyProductPagetitle" class="tests.ProductTest"/>
        <method signature="ProductTest.verifyProductPagetitle()[pri:0, instance:tests.ProductTest@6aaceffd]" name="verifyProductPagetitle" class="tests.ProductTest"/>
        <method signature="ProductTest.verifyProductPagetitle()[pri:0, instance:tests.ProductTest@37271612]" name="verifyProductPagetitle" class="tests.ProductTest"/>
      </group> <!-- tedx -->
      <group name="sanity, regression">
        <method signature="cartTest.cartest()[pri:1, instance:tests.cartTest@7dcf94f8]" name="cartest" class="tests.cartTest"/>
        <method signature="cartTest.cartest()[pri:1, instance:tests.cartTest@687e99d8]" name="cartest" class="tests.cartTest"/>
        <method signature="cartTest.cartest()[pri:1, instance:tests.cartTest@10aa41f2]" name="cartest" class="tests.cartTest"/>
      </group> <!-- sanity, regression -->
      <group name="regression">
        <method signature="ProductTest.verifyProductPagetitle()[pri:0, instance:tests.ProductTest@2aceadd4]" name="verifyProductPagetitle" class="tests.ProductTest"/>
        <method signature="ProductTest.verifyProductPagetitle()[pri:0, instance:tests.ProductTest@6aaceffd]" name="verifyProductPagetitle" class="tests.ProductTest"/>
        <method signature="ProductTest.verifyProductPagetitle()[pri:0, instance:tests.ProductTest@37271612]" name="verifyProductPagetitle" class="tests.ProductTest"/>
      </group> <!-- regression -->
      <group name="sanity">
        <method signature="ProductTest.verifyProductPagetitle()[pri:0, instance:tests.ProductTest@2aceadd4]" name="verifyProductPagetitle" class="tests.ProductTest"/>
        <method signature="LoginPageTest.testing(java.lang.String,java.lang.String)[pri:1, instance:tests.LoginPageTest@24269709]" name="testing" class="tests.LoginPageTest"/>
        <method signature="cartTest.continueshoping()[pri:2, instance:tests.cartTest@7dcf94f8]" name="continueshoping" class="tests.cartTest"/>
        <method signature="ProductTest.backtoprroduct()[pri:8, instance:tests.ProductTest@2aceadd4]" name="backtoprroduct" class="tests.ProductTest"/>
        <method signature="ProductTest.verifyProductPagetitle()[pri:0, instance:tests.ProductTest@6aaceffd]" name="verifyProductPagetitle" class="tests.ProductTest"/>
        <method signature="LoginPageTest.testing(java.lang.String,java.lang.String)[pri:1, instance:tests.LoginPageTest@e4487af]" name="testing" class="tests.LoginPageTest"/>
        <method signature="cartTest.continueshoping()[pri:2, instance:tests.cartTest@687e99d8]" name="continueshoping" class="tests.cartTest"/>
        <method signature="ProductTest.backtoprroduct()[pri:8, instance:tests.ProductTest@6aaceffd]" name="backtoprroduct" class="tests.ProductTest"/>
        <method signature="ProductTest.verifyProductPagetitle()[pri:0, instance:tests.ProductTest@37271612]" name="verifyProductPagetitle" class="tests.ProductTest"/>
        <method signature="LoginPageTest.testing(java.lang.String,java.lang.String)[pri:1, instance:tests.LoginPageTest@3af9c5b7]" name="testing" class="tests.LoginPageTest"/>
        <method signature="cartTest.continueshoping()[pri:2, instance:tests.cartTest@10aa41f2]" name="continueshoping" class="tests.cartTest"/>
        <method signature="ProductTest.backtoprroduct()[pri:8, instance:tests.ProductTest@37271612]" name="backtoprroduct" class="tests.ProductTest"/>
      </group> <!-- sanity -->
    </groups>
    <test started-at="2026-07-26T17:29:37 IST" name="test2" finished-at="2026-07-26T17:31:17 IST" duration-ms="99708">
      <class name="tests.cartTest">
        <test-method is-config="true" signature="setup(java.lang.String)[pri:0, instance:tests.cartTest@687e99d8]" started-at="2026-07-26T17:29:59 IST" name="setup" finished-at="2026-07-26T17:30:05 IST" duration-ms="5914" status="PASS">
          <params>
            <param index="0">
              <value>
                <![CDATA[edge]]>
              </value>
            </param>
          </params>
          <reporter-output>
          </reporter-output>
        </test-method> <!-- setup -->
        <test-method signature="cartest()[pri:1, instance:tests.cartTest@687e99d8]" started-at="2026-07-26T17:30:05 IST" name="cartest" finished-at="2026-07-26T17:30:06 IST" duration-ms="296" status="PASS">
          <reporter-output>
          </reporter-output>
        </test-method> <!-- cartest -->
        <test-method is-config="true" signature="teardown()[pri:0, instance:tests.cartTest@687e99d8]" started-at="2026-07-26T17:30:09 IST" name="teardown" finished-at="2026-07-26T17:30:09 IST" duration-ms="579" status="PASS">
          <reporter-output>
          </reporter-output>
        </test-method> <!-- teardown -->
        <test-method is-config="true" signature="setup(java.lang.String)[pri:0, instance:tests.cartTest@687e99d8]" started-at="2026-07-26T17:30:17 IST" name="setup" finished-at="2026-07-26T17:30:22 IST" duration-ms="4893" status="PASS">
          <params>
            <param index="0">
              <value>
                <![CDATA[edge]]>
              </value>
            </param>
          </params>
          <reporter-output>
          </reporter-output>
        </test-method> <!-- setup -->
        <test-method signature="continueshoping()[pri:2, instance:tests.cartTest@687e99d8]" started-at="2026-07-26T17:30:22 IST" name="continueshoping" finished-at="2026-07-26T17:30:22 IST" duration-ms="235" status="PASS">
          <reporter-output>
          </reporter-output>
        </test-method> <!-- continueshoping -->
        <test-method is-config="true" signature="teardown()[pri:0, instance:tests.cartTest@687e99d8]" started-at="2026-07-26T17:30:30 IST" name="teardown" finished-at="2026-07-26T17:30:30 IST" duration-ms="407" status="PASS">
          <reporter-output>
          </reporter-output>
        </test-method> <!-- teardown -->
        <test-method is-config="true" signature="setup(java.lang.String)[pri:0, instance:tests.cartTest@687e99d8]" started-at="2026-07-26T17:30:53 IST" name="setup" finished-at="2026-07-26T17:30:56 IST" duration-ms="3161" status="PASS">
          <params>
            <param index="0">
              <value>
                <![CDATA[edge]]>
              </value>
            </param>
          </params>
          <reporter-output>
          </reporter-output>
        </test-method> <!-- setup -->
        <test-method signature="checkout()[pri:6, instance:tests.cartTest@687e99d8]" started-at="2026-07-26T17:30:56 IST" name="checkout" finished-at="2026-07-26T17:30:56 IST" duration-ms="257" status="PASS">
          <reporter-output>
          </reporter-output>
        </test-method> <!-- checkout -->
        <test-method is-config="true" signature="teardown()[pri:0, instance:tests.cartTest@687e99d8]" started-at="2026-07-26T17:31:05 IST" name="teardown" finished-at="2026-07-26T17:31:05 IST" duration-ms="353" status="PASS">
          <reporter-output>
          </reporter-output>
        </test-method> <!-- teardown -->
      </class> <!-- tests.cartTest -->
      <class name="tests.ProductTest">
        <test-method is-config="true" signature="setup(java.lang.String)[pri:0, instance:tests.ProductTest@6aaceffd]" started-at="2026-07-26T17:29:38 IST" name="setup" finished-at="2026-07-26T17:29:44 IST" duration-ms="6259" status="PASS">
          <params>
            <param index="0">
              <value>
                <![CDATA[edge]]>
              </value>
            </param>
          </params>
          <reporter-output>
          </reporter-output>
        </test-method> <!-- setup -->
        <test-method signature="verifyProductPagetitle()[pri:0, instance:tests.ProductTest@6aaceffd]" started-at="2026-07-26T17:29:44 IST" name="verifyProductPagetitle" finished-at="2026-07-26T17:29:44 IST" duration-ms="93" status="PASS">
          <reporter-output>
          </reporter-output>
        </test-method> <!-- verifyProductPagetitle -->
        <test-method is-config="true" signature="teardown()[pri:0, instance:tests.ProductTest@6aaceffd]" started-at="2026-07-26T17:29:59 IST" name="teardown" finished-at="2026-07-26T17:29:59 IST" duration-ms="363" status="PASS">
          <reporter-output>
          </reporter-output>
        </test-method> <!-- teardown -->
        <test-method is-config="true" signature="setup(java.lang.String)[pri:0, instance:tests.ProductTest@6aaceffd]" started-at="2026-07-26T17:30:09 IST" name="setup" finished-at="2026-07-26T17:30:12 IST" duration-ms="2682" status="PASS">
          <params>
            <param index="0">
              <value>
                <![CDATA[edge]]>
              </value>
            </param>
          </params>
          <reporter-output>
          </reporter-output>
        </test-method> <!-- setup -->
        <test-method signature="inventryitems()[pri:1, instance:tests.ProductTest@6aaceffd]" started-at="2026-07-26T17:30:12 IST" name="inventryitems" finished-at="2026-07-26T17:30:13 IST" duration-ms="736" status="PASS">
          <reporter-output>
          </reporter-output>
        </test-method> <!-- inventryitems -->
        <test-method is-config="true" signature="teardown()[pri:0, instance:tests.ProductTest@6aaceffd]" started-at="2026-07-26T17:30:13 IST" name="teardown" finished-at="2026-07-26T17:30:13 IST" duration-ms="781" status="PASS">
          <reporter-output>
          </reporter-output>
        </test-method> <!-- teardown -->
        <test-method is-config="true" signature="setup(java.lang.String)[pri:0, instance:tests.ProductTest@6aaceffd]" started-at="2026-07-26T17:30:30 IST" name="setup" finished-at="2026-07-26T17:30:36 IST" duration-ms="5816" status="PASS">
          <params>
            <param index="0">
              <value>
                <![CDATA[edge]]>
              </value>
            </param>
          </params>
          <reporter-output>
          </reporter-output>
        </test-method> <!-- setup -->
        <test-method signature="removeitems()[pri:2, instance:tests.ProductTest@6aaceffd]" started-at="2026-07-26T17:30:36 IST" name="removeitems" finished-at="2026-07-26T17:30:37 IST" duration-ms="592" status="PASS">
          <reporter-output>
          </reporter-output>
        </test-method> <!-- removeitems -->
        <test-method is-config="true" signature="teardown()[pri:0, instance:tests.ProductTest@6aaceffd]" started-at="2026-07-26T17:30:42 IST" name="teardown" finished-at="2026-07-26T17:30:43 IST" duration-ms="446" status="PASS">
          <reporter-output>
          </reporter-output>
        </test-method> <!-- teardown -->
        <test-method is-config="true" signature="setup(java.lang.String)[pri:0, instance:tests.ProductTest@6aaceffd]" started-at="2026-07-26T17:30:48 IST" name="setup" finished-at="2026-07-26T17:30:52 IST" duration-ms="3239" status="PASS">
          <params>
            <param index="0">
              <value>
                <![CDATA[edge]]>
              </value>
            </param>
          </params>
          <reporter-output>
          </reporter-output>
        </test-method> <!-- setup -->
        <test-method signature="verifyProductPagelogo()[pri:3, instance:tests.ProductTest@6aaceffd]" started-at="2026-07-26T17:30:52 IST" name="verifyProductPagelogo" finished-at="2026-07-26T17:30:52 IST" duration-ms="155" status="PASS">
          <reporter-output>
          </reporter-output>
        </test-method> <!-- verifyProductPagelogo -->
        <test-method is-config="true" signature="teardown()[pri:0, instance:tests.ProductTest@6aaceffd]" started-at="2026-07-26T17:30:52 IST" name="teardown" finished-at="2026-07-26T17:30:53 IST" duration-ms="301" status="PASS">
          <reporter-output>
          </reporter-output>
        </test-method> <!-- teardown -->
        <test-method is-config="true" signature="setup(java.lang.String)[pri:0, instance:tests.ProductTest@6aaceffd]" started-at="2026-07-26T17:31:05 IST" name="setup" finished-at="2026-07-26T17:31:09 IST" duration-ms="4038" status="PASS">
          <params>
            <param index="0">
              <value>
                <![CDATA[edge]]>
              </value>
            </param>
          </params>
          <reporter-output>
          </reporter-output>
        </test-method> <!-- setup -->
        <test-method signature="backtoprroduct()[pri:8, instance:tests.ProductTest@6aaceffd]" started-at="2026-07-26T17:31:09 IST" name="backtoprroduct" finished-at="2026-07-26T17:31:10 IST" duration-ms="376" status="PASS">
          <reporter-output>
          </reporter-output>
        </test-method> <!-- backtoprroduct -->
        <test-method is-config="true" signature="teardown()[pri:0, instance:tests.ProductTest@6aaceffd]" started-at="2026-07-26T17:31:17 IST" name="teardown" finished-at="2026-07-26T17:31:17 IST" duration-ms="322" status="PASS">
          <reporter-output>
          </reporter-output>
        </test-method> <!-- teardown -->
      </class> <!-- tests.ProductTest -->
      <class name="tests.LoginPageTest">
        <test-method is-config="true" signature="setup(java.lang.String)[pri:0, instance:tests.LoginPageTest@e4487af]" started-at="2026-07-26T17:30:13 IST" name="setup" finished-at="2026-07-26T17:30:15 IST" duration-ms="1707" status="PASS">
          <params>
            <param index="0">
              <value>
                <![CDATA[edge]]>
              </value>
            </param>
          </params>
          <reporter-output>
          </reporter-output>
        </test-method> <!-- setup -->
        <test-method signature="testing(java.lang.String,java.lang.String)[pri:1, instance:tests.LoginPageTest@e4487af]" started-at="2026-07-26T17:30:15 IST" name="testing" data-provider="k" finished-at="2026-07-26T17:30:17 IST" duration-ms="1336" status="PASS">
          <params>
            <param index="0">
              <value>
                <![CDATA[standard_user]]>
              </value>
            </param>
            <param index="1">
              <value>
                <![CDATA[secret_sauce]]>
              </value>
            </param>
          </params>
          <reporter-output>
          </reporter-output>
        </test-method> <!-- testing -->
        <test-method is-config="true" signature="teardown()[pri:0, instance:tests.LoginPageTest@e4487af]" started-at="2026-07-26T17:30:17 IST" name="teardown" finished-at="2026-07-26T17:30:17 IST" duration-ms="291" status="PASS">
          <reporter-output>
          </reporter-output>
        </test-method> <!-- teardown -->
        <test-method is-config="true" signature="setup(java.lang.String)[pri:0, instance:tests.LoginPageTest@e4487af]" started-at="2026-07-26T17:30:43 IST" name="setup" finished-at="2026-07-26T17:30:46 IST" duration-ms="3561" status="PASS">
          <params>
            <param index="0">
              <value>
                <![CDATA[edge]]>
              </value>
            </param>
          </params>
          <reporter-output>
          </reporter-output>
        </test-method> <!-- setup -->
        <test-method signature="testinglogincred()[pri:2, instance:tests.LoginPageTest@e4487af]" started-at="2026-07-26T17:30:46 IST" name="testinglogincred" finished-at="2026-07-26T17:30:48 IST" duration-ms="1641" status="PASS">
          <reporter-output>
          </reporter-output>
        </test-method> <!-- testinglogincred -->
        <test-method is-config="true" signature="teardown()[pri:0, instance:tests.LoginPageTest@e4487af]" started-at="2026-07-26T17:30:48 IST" name="teardown" finished-at="2026-07-26T17:30:48 IST" duration-ms="257" status="PASS">
          <reporter-output>
          </reporter-output>
        </test-method> <!-- teardown -->
      </class> <!-- tests.LoginPageTest -->
    </test> <!-- test2 -->
    <test started-at="2026-07-26T17:29:37 IST" name="Test1" finished-at="2026-07-26T17:31:22 IST" duration-ms="104881">
      <class name="tests.cartTest">
        <test-method is-config="true" signature="setup(java.lang.String)[pri:0, instance:tests.cartTest@7dcf94f8]" started-at="2026-07-26T17:29:59 IST" name="setup" finished-at="2026-07-26T17:30:04 IST" duration-ms="4574" status="PASS">
          <params>
            <param index="0">
              <value>
                <![CDATA[chrome]]>
              </value>
            </param>
          </params>
          <reporter-output>
          </reporter-output>
        </test-method> <!-- setup -->
        <test-method signature="cartest()[pri:1, instance:tests.cartTest@7dcf94f8]" started-at="2026-07-26T17:30:04 IST" name="cartest" finished-at="2026-07-26T17:30:04 IST" duration-ms="517" status="PASS">
          <reporter-output>
          </reporter-output>
        </test-method> <!-- cartest -->
        <test-method is-config="true" signature="teardown()[pri:0, instance:tests.cartTest@7dcf94f8]" started-at="2026-07-26T17:30:10 IST" name="teardown" finished-at="2026-07-26T17:30:11 IST" duration-ms="1934" status="PASS">
          <reporter-output>
          </reporter-output>
        </test-method> <!-- teardown -->
        <test-method is-config="true" signature="setup(java.lang.String)[pri:0, instance:tests.cartTest@7dcf94f8]" started-at="2026-07-26T17:30:30 IST" name="setup" finished-at="2026-07-26T17:30:33 IST" duration-ms="3422" status="PASS">
          <params>
            <param index="0">
              <value>
                <![CDATA[chrome]]>
              </value>
            </param>
          </params>
          <reporter-output>
          </reporter-output>
        </test-method> <!-- setup -->
        <test-method signature="continueshoping()[pri:2, instance:tests.cartTest@7dcf94f8]" started-at="2026-07-26T17:30:33 IST" name="continueshoping" finished-at="2026-07-26T17:30:33 IST" duration-ms="311" status="PASS">
          <reporter-output>
          </reporter-output>
        </test-method> <!-- continueshoping -->
        <test-method is-config="true" signature="teardown()[pri:0, instance:tests.cartTest@7dcf94f8]" started-at="2026-07-26T17:30:42 IST" name="teardown" finished-at="2026-07-26T17:30:42 IST" duration-ms="658" status="PASS">
          <reporter-output>
          </reporter-output>
        </test-method> <!-- teardown -->
        <test-method is-config="true" signature="setup(java.lang.String)[pri:0, instance:tests.cartTest@7dcf94f8]" started-at="2026-07-26T17:31:05 IST" name="setup" finished-at="2026-07-26T17:31:09 IST" duration-ms="3969" status="PASS">
          <params>
            <param index="0">
              <value>
                <![CDATA[chrome]]>
              </value>
            </param>
          </params>
          <reporter-output>
          </reporter-output>
        </test-method> <!-- setup -->
        <test-method signature="checkout()[pri:6, instance:tests.cartTest@7dcf94f8]" started-at="2026-07-26T17:31:09 IST" name="checkout" finished-at="2026-07-26T17:31:09 IST" duration-ms="339" status="PASS">
          <reporter-output>
          </reporter-output>
        </test-method> <!-- checkout -->
        <test-method is-config="true" signature="teardown()[pri:0, instance:tests.cartTest@7dcf94f8]" started-at="2026-07-26T17:31:17 IST" name="teardown" finished-at="2026-07-26T17:31:19 IST" duration-ms="1388" status="PASS">
          <reporter-output>
          </reporter-output>
        </test-method> <!-- teardown -->
      </class> <!-- tests.cartTest -->
      <class name="tests.ProductTest">
        <test-method is-config="true" signature="setup(java.lang.String)[pri:0, instance:tests.ProductTest@2aceadd4]" started-at="2026-07-26T17:29:38 IST" name="setup" finished-at="2026-07-26T17:29:42 IST" duration-ms="4693" status="PASS">
          <params>
            <param index="0">
              <value>
                <![CDATA[chrome]]>
              </value>
            </param>
          </params>
          <reporter-output>
          </reporter-output>
        </test-method> <!-- setup -->
        <test-method signature="verifyProductPagetitle()[pri:0, instance:tests.ProductTest@2aceadd4]" started-at="2026-07-26T17:29:42 IST" name="verifyProductPagetitle" finished-at="2026-07-26T17:29:42 IST" duration-ms="74" status="PASS">
          <reporter-output>
          </reporter-output>
        </test-method> <!-- verifyProductPagetitle -->
        <test-method is-config="true" signature="teardown()[pri:0, instance:tests.ProductTest@2aceadd4]" started-at="2026-07-26T17:29:58 IST" name="teardown" finished-at="2026-07-26T17:29:59 IST" duration-ms="1197" status="PASS">
          <reporter-output>
          </reporter-output>
        </test-method> <!-- teardown -->
        <test-method is-config="true" signature="setup(java.lang.String)[pri:0, instance:tests.ProductTest@2aceadd4]" started-at="2026-07-26T17:30:11 IST" name="setup" finished-at="2026-07-26T17:30:14 IST" duration-ms="2308" status="PASS">
          <params>
            <param index="0">
              <value>
                <![CDATA[chrome]]>
              </value>
            </param>
          </params>
          <reporter-output>
          </reporter-output>
        </test-method> <!-- setup -->
        <test-method signature="inventryitems()[pri:1, instance:tests.ProductTest@2aceadd4]" started-at="2026-07-26T17:30:14 IST" name="inventryitems" finished-at="2026-07-26T17:30:14 IST" duration-ms="466" status="PASS">
          <reporter-output>
          </reporter-output>
        </test-method> <!-- inventryitems -->
        <test-method is-config="true" signature="teardown()[pri:0, instance:tests.ProductTest@2aceadd4]" started-at="2026-07-26T17:30:14 IST" name="teardown" finished-at="2026-07-26T17:30:17 IST" duration-ms="2284" status="PASS">
          <reporter-output>
          </reporter-output>
        </test-method> <!-- teardown -->
        <test-method is-config="true" signature="setup(java.lang.String)[pri:0, instance:tests.ProductTest@2aceadd4]" started-at="2026-07-26T17:30:42 IST" name="setup" finished-at="2026-07-26T17:30:46 IST" duration-ms="3317" status="PASS">
          <params>
            <param index="0">
              <value>
                <![CDATA[chrome]]>
              </value>
            </param>
          </params>
          <reporter-output>
          </reporter-output>
        </test-method> <!-- setup -->
        <test-method signature="removeitems()[pri:2, instance:tests.ProductTest@2aceadd4]" started-at="2026-07-26T17:30:46 IST" name="removeitems" finished-at="2026-07-26T17:30:47 IST" duration-ms="895" status="PASS">
          <reporter-output>
          </reporter-output>
        </test-method> <!-- removeitems -->
        <test-method is-config="true" signature="teardown()[pri:0, instance:tests.ProductTest@2aceadd4]" started-at="2026-07-26T17:30:47 IST" name="teardown" finished-at="2026-07-26T17:30:48 IST" duration-ms="654" status="PASS">
          <reporter-output>
          </reporter-output>
        </test-method> <!-- teardown -->
        <test-method is-config="true" signature="setup(java.lang.String)[pri:0, instance:tests.ProductTest@2aceadd4]" started-at="2026-07-26T17:30:53 IST" name="setup" finished-at="2026-07-26T17:30:57 IST" duration-ms="3901" status="PASS">
          <params>
            <param index="0">
              <value>
                <![CDATA[chrome]]>
              </value>
            </param>
          </params>
          <reporter-output>
          </reporter-output>
        </test-method> <!-- setup -->
        <test-method signature="verifyProductPagelogo()[pri:3, instance:tests.ProductTest@2aceadd4]" started-at="2026-07-26T17:30:57 IST" name="verifyProductPagelogo" finished-at="2026-07-26T17:30:57 IST" duration-ms="52" status="PASS">
          <reporter-output>
          </reporter-output>
        </test-method> <!-- verifyProductPagelogo -->
        <test-method is-config="true" signature="teardown()[pri:0, instance:tests.ProductTest@2aceadd4]" started-at="2026-07-26T17:31:04 IST" name="teardown" finished-at="2026-07-26T17:31:05 IST" duration-ms="762" status="PASS">
          <reporter-output>
          </reporter-output>
        </test-method> <!-- teardown -->
        <test-method is-config="true" signature="setup(java.lang.String)[pri:0, instance:tests.ProductTest@2aceadd4]" started-at="2026-07-26T17:31:19 IST" name="setup" finished-at="2026-07-26T17:31:21 IST" duration-ms="2355" status="PASS">
          <params>
            <param index="0">
              <value>
                <![CDATA[chrome]]>
              </value>
            </param>
          </params>
          <reporter-output>
          </reporter-output>
        </test-method> <!-- setup -->
        <test-method signature="backtoprroduct()[pri:8, instance:tests.ProductTest@2aceadd4]" started-at="2026-07-26T17:31:21 IST" name="backtoprroduct" finished-at="2026-07-26T17:31:21 IST" duration-ms="457" status="PASS">
          <reporter-output>
          </reporter-output>
        </test-method> <!-- backtoprroduct -->
        <test-method is-config="true" signature="teardown()[pri:0, instance:tests.ProductTest@2aceadd4]" started-at="2026-07-26T17:31:22 IST" name="teardown" finished-at="2026-07-26T17:31:22 IST" duration-ms="563" status="PASS">
          <reporter-output>
          </reporter-output>
        </test-method> <!-- teardown -->
      </class> <!-- tests.ProductTest -->
      <class name="tests.LoginPageTest">
        <test-method is-config="true" signature="setup(java.lang.String)[pri:0, instance:tests.LoginPageTest@24269709]" started-at="2026-07-26T17:30:17 IST" name="setup" finished-at="2026-07-26T17:30:19 IST" duration-ms="2188" status="PASS">
          <params>
            <param index="0">
              <value>
                <![CDATA[chrome]]>
              </value>
            </param>
          </params>
          <reporter-output>
          </reporter-output>
        </test-method> <!-- setup -->
        <test-method signature="testing(java.lang.String,java.lang.String)[pri:1, instance:tests.LoginPageTest@24269709]" started-at="2026-07-26T17:30:19 IST" name="testing" data-provider="k" finished-at="2026-07-26T17:30:20 IST" duration-ms="847" status="PASS">
          <params>
            <param index="0">
              <value>
                <![CDATA[standard_user]]>
              </value>
            </param>
            <param index="1">
              <value>
                <![CDATA[secret_sauce]]>
              </value>
            </param>
          </params>
          <reporter-output>
          </reporter-output>
        </test-method> <!-- testing -->
        <test-method is-config="true" signature="teardown()[pri:0, instance:tests.LoginPageTest@24269709]" started-at="2026-07-26T17:30:29 IST" name="teardown" finished-at="2026-07-26T17:30:30 IST" duration-ms="618" status="PASS">
          <reporter-output>
          </reporter-output>
        </test-method> <!-- teardown -->
        <test-method is-config="true" signature="setup(java.lang.String)[pri:0, instance:tests.LoginPageTest@24269709]" started-at="2026-07-26T17:30:48 IST" name="setup" finished-at="2026-07-26T17:30:50 IST" duration-ms="1987" status="PASS">
          <params>
            <param index="0">
              <value>
                <![CDATA[chrome]]>
              </value>
            </param>
          </params>
          <reporter-output>
          </reporter-output>
        </test-method> <!-- setup -->
        <test-method signature="testinglogincred()[pri:2, instance:tests.LoginPageTest@24269709]" started-at="2026-07-26T17:30:50 IST" name="testinglogincred" finished-at="2026-07-26T17:30:51 IST" duration-ms="1489" status="PASS">
          <reporter-output>
          </reporter-output>
        </test-method> <!-- testinglogincred -->
        <test-method is-config="true" signature="teardown()[pri:0, instance:tests.LoginPageTest@24269709]" started-at="2026-07-26T17:30:52 IST" name="teardown" finished-at="2026-07-26T17:30:53 IST" duration-ms="953" status="PASS">
          <reporter-output>
          </reporter-output>
        </test-method> <!-- teardown -->
      </class> <!-- tests.LoginPageTest -->
    </test> <!-- Test1 -->
    <test started-at="2026-07-26T17:29:37 IST" name="test3" finished-at="2026-07-26T17:31:34 IST" duration-ms="116503">
      <class name="tests.cartTest">
        <test-method is-config="true" signature="setup(java.lang.String)[pri:0, instance:tests.cartTest@10aa41f2]" started-at="2026-07-26T17:29:52 IST" name="setup" finished-at="2026-07-26T17:29:59 IST" duration-ms="7121" status="PASS">
          <params>
            <param index="0">
              <value>
                <![CDATA[firefox]]>
              </value>
            </param>
          </params>
          <reporter-output>
          </reporter-output>
        </test-method> <!-- setup -->
        <test-method signature="cartest()[pri:1, instance:tests.cartTest@10aa41f2]" started-at="2026-07-26T17:29:59 IST" name="cartest" finished-at="2026-07-26T17:29:59 IST" duration-ms="268" status="PASS">
          <reporter-output>
          </reporter-output>
        </test-method> <!-- cartest -->
        <test-method is-config="true" signature="teardown()[pri:0, instance:tests.cartTest@10aa41f2]" started-at="2026-07-26T17:29:59 IST" name="teardown" finished-at="2026-07-26T17:30:02 IST" duration-ms="2621" status="PASS">
          <reporter-output>
          </reporter-output>
        </test-method> <!-- teardown -->
        <test-method is-config="true" signature="setup(java.lang.String)[pri:0, instance:tests.cartTest@10aa41f2]" started-at="2026-07-26T17:30:26 IST" name="setup" finished-at="2026-07-26T17:30:34 IST" duration-ms="8709" status="PASS">
          <params>
            <param index="0">
              <value>
                <![CDATA[firefox]]>
              </value>
            </param>
          </params>
          <reporter-output>
          </reporter-output>
        </test-method> <!-- setup -->
        <test-method signature="continueshoping()[pri:2, instance:tests.cartTest@10aa41f2]" started-at="2026-07-26T17:30:34 IST" name="continueshoping" finished-at="2026-07-26T17:30:35 IST" duration-ms="250" status="PASS">
          <reporter-output>
          </reporter-output>
        </test-method> <!-- continueshoping -->
        <test-method is-config="true" signature="teardown()[pri:0, instance:tests.cartTest@10aa41f2]" started-at="2026-07-26T17:30:35 IST" name="teardown" finished-at="2026-07-26T17:30:38 IST" duration-ms="3029" status="PASS">
          <reporter-output>
          </reporter-output>
        </test-method> <!-- teardown -->
        <test-method is-config="true" signature="setup(java.lang.String)[pri:0, instance:tests.cartTest@10aa41f2]" started-at="2026-07-26T17:31:16 IST" name="setup" finished-at="2026-07-26T17:31:23 IST" duration-ms="6816" status="PASS">
          <params>
            <param index="0">
              <value>
                <![CDATA[firefox]]>
              </value>
            </param>
          </params>
          <reporter-output>
          </reporter-output>
        </test-method> <!-- setup -->
        <test-method signature="checkout()[pri:6, instance:tests.cartTest@10aa41f2]" started-at="2026-07-26T17:31:23 IST" name="checkout" finished-at="2026-07-26T17:31:23 IST" duration-ms="246" status="PASS">
          <reporter-output>
          </reporter-output>
        </test-method> <!-- checkout -->
        <test-method is-config="true" signature="teardown()[pri:0, instance:tests.cartTest@10aa41f2]" started-at="2026-07-26T17:31:23 IST" name="teardown" finished-at="2026-07-26T17:31:26 IST" duration-ms="2618" status="PASS">
          <reporter-output>
          </reporter-output>
        </test-method> <!-- teardown -->
      </class> <!-- tests.cartTest -->
      <class name="tests.ProductTest">
        <test-method is-config="true" signature="setup(java.lang.String)[pri:0, instance:tests.ProductTest@37271612]" started-at="2026-07-26T17:29:38 IST" name="setup" finished-at="2026-07-26T17:29:49 IST" duration-ms="11239" status="PASS">
          <params>
            <param index="0">
              <value>
                <![CDATA[firefox]]>
              </value>
            </param>
          </params>
          <reporter-output>
          </reporter-output>
        </test-method> <!-- setup -->
        <test-method signature="verifyProductPagetitle()[pri:0, instance:tests.ProductTest@37271612]" started-at="2026-07-26T17:29:49 IST" name="verifyProductPagetitle" finished-at="2026-07-26T17:29:49 IST" duration-ms="43" status="PASS">
          <reporter-output>
          </reporter-output>
        </test-method> <!-- verifyProductPagetitle -->
        <test-method is-config="true" signature="teardown()[pri:0, instance:tests.ProductTest@37271612]" started-at="2026-07-26T17:29:49 IST" name="teardown" finished-at="2026-07-26T17:29:52 IST" duration-ms="2574" status="PASS">
          <reporter-output>
          </reporter-output>
        </test-method> <!-- teardown -->
        <test-method is-config="true" signature="setup(java.lang.String)[pri:0, instance:tests.ProductTest@37271612]" started-at="2026-07-26T17:30:02 IST" name="setup" finished-at="2026-07-26T17:30:10 IST" duration-ms="7805" status="PASS">
          <params>
            <param index="0">
              <value>
                <![CDATA[firefox]]>
              </value>
            </param>
          </params>
          <reporter-output>
          </reporter-output>
        </test-method> <!-- setup -->
        <test-method signature="inventryitems()[pri:1, instance:tests.ProductTest@37271612]" started-at="2026-07-26T17:30:10 IST" name="inventryitems" finished-at="2026-07-26T17:30:10 IST" duration-ms="483" status="PASS">
          <reporter-output>
          </reporter-output>
        </test-method> <!-- inventryitems -->
        <test-method is-config="true" signature="teardown()[pri:0, instance:tests.ProductTest@37271612]" started-at="2026-07-26T17:30:10 IST" name="teardown" finished-at="2026-07-26T17:30:13 IST" duration-ms="2834" status="PASS">
          <reporter-output>
          </reporter-output>
        </test-method> <!-- teardown -->
        <test-method is-config="true" signature="setup(java.lang.String)[pri:0, instance:tests.ProductTest@37271612]" started-at="2026-07-26T17:30:38 IST" name="setup" finished-at="2026-07-26T17:30:45 IST" duration-ms="7098" status="PASS">
          <params>
            <param index="0">
              <value>
                <![CDATA[firefox]]>
              </value>
            </param>
          </params>
          <reporter-output>
          </reporter-output>
        </test-method> <!-- setup -->
        <test-method signature="removeitems()[pri:2, instance:tests.ProductTest@37271612]" started-at="2026-07-26T17:30:45 IST" name="removeitems" finished-at="2026-07-26T17:30:46 IST" duration-ms="962" status="PASS">
          <reporter-output>
          </reporter-output>
        </test-method> <!-- removeitems -->
        <test-method is-config="true" signature="teardown()[pri:0, instance:tests.ProductTest@37271612]" started-at="2026-07-26T17:30:46 IST" name="teardown" finished-at="2026-07-26T17:30:48 IST" duration-ms="2023" status="PASS">
          <reporter-output>
          </reporter-output>
        </test-method> <!-- teardown -->
        <test-method is-config="true" signature="setup(java.lang.String)[pri:0, instance:tests.ProductTest@37271612]" started-at="2026-07-26T17:31:04 IST" name="setup" finished-at="2026-07-26T17:31:13 IST" duration-ms="9632" status="PASS">
          <params>
            <param index="0">
              <value>
                <![CDATA[firefox]]>
              </value>
            </param>
          </params>
          <reporter-output>
          </reporter-output>
        </test-method> <!-- setup -->
        <test-method signature="verifyProductPagelogo()[pri:3, instance:tests.ProductTest@37271612]" started-at="2026-07-26T17:31:13 IST" name="verifyProductPagelogo" finished-at="2026-07-26T17:31:13 IST" duration-ms="49" status="PASS">
          <reporter-output>
          </reporter-output>
        </test-method> <!-- verifyProductPagelogo -->
        <test-method is-config="true" signature="teardown()[pri:0, instance:tests.ProductTest@37271612]" started-at="2026-07-26T17:31:14 IST" name="teardown" finished-at="2026-07-26T17:31:16 IST" duration-ms="2504" status="PASS">
          <reporter-output>
          </reporter-output>
        </test-method> <!-- teardown -->
        <test-method is-config="true" signature="setup(java.lang.String)[pri:0, instance:tests.ProductTest@37271612]" started-at="2026-07-26T17:31:26 IST" name="setup" finished-at="2026-07-26T17:31:31 IST" duration-ms="4976" status="PASS">
          <params>
            <param index="0">
              <value>
                <![CDATA[firefox]]>
              </value>
            </param>
          </params>
          <reporter-output>
          </reporter-output>
        </test-method> <!-- setup -->
        <test-method signature="backtoprroduct()[pri:8, instance:tests.ProductTest@37271612]" started-at="2026-07-26T17:31:31 IST" name="backtoprroduct" finished-at="2026-07-26T17:31:31 IST" duration-ms="218" status="PASS">
          <reporter-output>
          </reporter-output>
        </test-method> <!-- backtoprroduct -->
        <test-method is-config="true" signature="teardown()[pri:0, instance:tests.ProductTest@37271612]" started-at="2026-07-26T17:31:31 IST" name="teardown" finished-at="2026-07-26T17:31:34 IST" duration-ms="2780" status="PASS">
          <reporter-output>
          </reporter-output>
        </test-method> <!-- teardown -->
      </class> <!-- tests.ProductTest -->
      <class name="tests.LoginPageTest">
        <test-method is-config="true" signature="setup(java.lang.String)[pri:0, instance:tests.LoginPageTest@3af9c5b7]" started-at="2026-07-26T17:30:13 IST" name="setup" finished-at="2026-07-26T17:30:22 IST" duration-ms="9175" status="PASS">
          <params>
            <param index="0">
              <value>
                <![CDATA[firefox]]>
              </value>
            </param>
          </params>
          <reporter-output>
          </reporter-output>
        </test-method> <!-- setup -->
        <test-method signature="testing(java.lang.String,java.lang.String)[pri:1, instance:tests.LoginPageTest@3af9c5b7]" started-at="2026-07-26T17:30:22 IST" name="testing" data-provider="k" finished-at="2026-07-26T17:30:23 IST" duration-ms="539" status="PASS">
          <params>
            <param index="0">
              <value>
                <![CDATA[standard_user]]>
              </value>
            </param>
            <param index="1">
              <value>
                <![CDATA[secret_sauce]]>
              </value>
            </param>
          </params>
          <reporter-output>
          </reporter-output>
        </test-method> <!-- testing -->
        <test-method is-config="true" signature="teardown()[pri:0, instance:tests.LoginPageTest@3af9c5b7]" started-at="2026-07-26T17:30:23 IST" name="teardown" finished-at="2026-07-26T17:30:26 IST" duration-ms="2888" status="PASS">
          <reporter-output>
          </reporter-output>
        </test-method> <!-- teardown -->
        <test-method is-config="true" signature="setup(java.lang.String)[pri:0, instance:tests.LoginPageTest@3af9c5b7]" started-at="2026-07-26T17:30:48 IST" name="setup" finished-at="2026-07-26T17:30:57 IST" duration-ms="9380" status="PASS">
          <params>
            <param index="0">
              <value>
                <![CDATA[firefox]]>
              </value>
            </param>
          </params>
          <reporter-output>
          </reporter-output>
        </test-method> <!-- setup -->
        <test-method signature="testinglogincred()[pri:2, instance:tests.LoginPageTest@3af9c5b7]" started-at="2026-07-26T17:30:57 IST" name="testinglogincred" finished-at="2026-07-26T17:30:58 IST" duration-ms="367" status="PASS">
          <reporter-output>
          </reporter-output>
        </test-method> <!-- testinglogincred -->
        <test-method is-config="true" signature="teardown()[pri:0, instance:tests.LoginPageTest@3af9c5b7]" started-at="2026-07-26T17:30:58 IST" name="teardown" finished-at="2026-07-26T17:31:04 IST" duration-ms="5940" status="PASS">
          <reporter-output>
          </reporter-output>
        </test-method> <!-- teardown -->
      </class> <!-- tests.LoginPageTest -->
    </test> <!-- test3 -->
  </suite> <!-- Suite -->
</testng-results>
