<?xml version="1.0" encoding="UTF-8"?>
<testng-results ignored="0" total="10" passed="10" failed="0" skipped="0">
  <reporter-output>
  </reporter-output>
  <suite started-at="2026-07-12T16:28:02 IST" name="Suite" finished-at="2026-07-12T16:28:59 IST" duration-ms="56950">
    <groups>
      <group name="tedx">
        <method signature="ProductTest.verifyProductPagetitle()[pri:0, instance:tests.ProductTest@1a677343]" name="verifyProductPagetitle" class="tests.ProductTest"/>
      </group> <!-- tedx -->
      <group name="sanity, regression">
        <method signature="cartTest.cartest()[pri:1, instance:tests.cartTest@6025e1b6]" name="cartest" class="tests.cartTest"/>
      </group> <!-- sanity, regression -->
      <group name="regression">
        <method signature="ProductTest.verifyProductPagetitle()[pri:0, instance:tests.ProductTest@1a677343]" name="verifyProductPagetitle" class="tests.ProductTest"/>
      </group> <!-- regression -->
      <group name="sanity">
        <method signature="ProductTest.verifyProductPagetitle()[pri:0, instance:tests.ProductTest@1a677343]" name="verifyProductPagetitle" class="tests.ProductTest"/>
        <method signature="LoginPageTest.testing(java.lang.String,java.lang.String)[pri:1, instance:tests.LoginPageTest@6ed3ccb2]" name="testing" class="tests.LoginPageTest"/>
        <method signature="cartTest.continueshoping()[pri:2, instance:tests.cartTest@6025e1b6]" name="continueshoping" class="tests.cartTest"/>
        <method signature="ProductTest.backtoprroduct()[pri:8, instance:tests.ProductTest@1a677343]" name="backtoprroduct" class="tests.ProductTest"/>
      </group> <!-- sanity -->
    </groups>
    <test started-at="2026-07-12T16:28:02 IST" name="Test1" finished-at="2026-07-12T16:28:59 IST" duration-ms="56950">
      <class name="tests.cartTest">
        <test-method is-config="true" signature="setup(java.lang.String)[pri:0, instance:tests.cartTest@6025e1b6]" started-at="2026-07-12T16:28:02 IST" name="setup" finished-at="2026-07-12T16:28:05 IST" duration-ms="2388" status="PASS">
          <params>
            <param index="0">
              <value>
                <![CDATA[chrome]]>
              </value>
            </param>
          </params>
          <reporter-output>
          </reporter-output>
        </test-method> <!-- setup -->
        <test-method signature="cartest()[pri:1, instance:tests.cartTest@6025e1b6]" started-at="2026-07-12T16:28:05 IST" name="cartest" finished-at="2026-07-12T16:28:05 IST" duration-ms="196" status="PASS">
          <reporter-output>
          </reporter-output>
        </test-method> <!-- cartest -->
        <test-method is-config="true" signature="teardown()[pri:0, instance:tests.cartTest@6025e1b6]" started-at="2026-07-12T16:28:05 IST" name="teardown" finished-at="2026-07-12T16:28:06 IST" duration-ms="298" status="PASS">
          <reporter-output>
          </reporter-output>
        </test-method> <!-- teardown -->
        <test-method is-config="true" signature="setup(java.lang.String)[pri:0, instance:tests.cartTest@6025e1b6]" started-at="2026-07-12T16:28:06 IST" name="setup" finished-at="2026-07-12T16:28:07 IST" duration-ms="1779" status="PASS">
          <params>
            <param index="0">
              <value>
                <![CDATA[chrome]]>
              </value>
            </param>
          </params>
          <reporter-output>
          </reporter-output>
        </test-method> <!-- setup -->
        <test-method signature="continueshoping()[pri:2, instance:tests.cartTest@6025e1b6]" started-at="2026-07-12T16:28:07 IST" name="continueshoping" finished-at="2026-07-12T16:28:07 IST" duration-ms="175" status="PASS">
          <reporter-output>
          </reporter-output>
        </test-method> <!-- continueshoping -->
        <test-method is-config="true" signature="teardown()[pri:0, instance:tests.cartTest@6025e1b6]" started-at="2026-07-12T16:28:08 IST" name="teardown" finished-at="2026-07-12T16:28:08 IST" duration-ms="336" status="PASS">
          <reporter-output>
          </reporter-output>
        </test-method> <!-- teardown -->
        <test-method is-config="true" signature="setup(java.lang.String)[pri:0, instance:tests.cartTest@6025e1b6]" started-at="2026-07-12T16:28:08 IST" name="setup" finished-at="2026-07-12T16:28:10 IST" duration-ms="1718" status="PASS">
          <params>
            <param index="0">
              <value>
                <![CDATA[chrome]]>
              </value>
            </param>
          </params>
          <reporter-output>
          </reporter-output>
        </test-method> <!-- setup -->
        <test-method signature="checkout()[pri:6, instance:tests.cartTest@6025e1b6]" started-at="2026-07-12T16:28:10 IST" name="checkout" finished-at="2026-07-12T16:28:10 IST" duration-ms="156" status="PASS">
          <reporter-output>
          </reporter-output>
        </test-method> <!-- checkout -->
        <test-method is-config="true" signature="teardown()[pri:0, instance:tests.cartTest@6025e1b6]" started-at="2026-07-12T16:28:10 IST" name="teardown" finished-at="2026-07-12T16:28:10 IST" duration-ms="318" status="PASS">
          <reporter-output>
          </reporter-output>
        </test-method> <!-- teardown -->
      </class> <!-- tests.cartTest -->
      <class name="tests.ProductTest">
        <test-method is-config="true" signature="setup(java.lang.String)[pri:0, instance:tests.ProductTest@1a677343]" started-at="2026-07-12T16:28:14 IST" name="setup" finished-at="2026-07-12T16:28:16 IST" duration-ms="1670" status="PASS">
          <params>
            <param index="0">
              <value>
                <![CDATA[chrome]]>
              </value>
            </param>
          </params>
          <reporter-output>
          </reporter-output>
        </test-method> <!-- setup -->
        <test-method signature="verifyProductPagetitle()[pri:0, instance:tests.ProductTest@1a677343]" started-at="2026-07-12T16:28:16 IST" name="verifyProductPagetitle" finished-at="2026-07-12T16:28:19 IST" duration-ms="3059" status="PASS">
          <reporter-output>
          </reporter-output>
        </test-method> <!-- verifyProductPagetitle -->
        <test-method is-config="true" signature="teardown()[pri:0, instance:tests.ProductTest@1a677343]" started-at="2026-07-12T16:28:19 IST" name="teardown" finished-at="2026-07-12T16:28:20 IST" duration-ms="326" status="PASS">
          <reporter-output>
          </reporter-output>
        </test-method> <!-- teardown -->
        <test-method is-config="true" signature="setup(java.lang.String)[pri:0, instance:tests.ProductTest@1a677343]" started-at="2026-07-12T16:28:20 IST" name="setup" finished-at="2026-07-12T16:28:21 IST" duration-ms="1618" status="PASS">
          <params>
            <param index="0">
              <value>
                <![CDATA[chrome]]>
              </value>
            </param>
          </params>
          <reporter-output>
          </reporter-output>
        </test-method> <!-- setup -->
        <test-method signature="inventryitems()[pri:1, instance:tests.ProductTest@1a677343]" started-at="2026-07-12T16:28:21 IST" name="inventryitems" finished-at="2026-07-12T16:28:22 IST" duration-ms="279" status="PASS">
          <reporter-output>
          </reporter-output>
        </test-method> <!-- inventryitems -->
        <test-method is-config="true" signature="teardown()[pri:0, instance:tests.ProductTest@1a677343]" started-at="2026-07-12T16:28:22 IST" name="teardown" finished-at="2026-07-12T16:28:22 IST" duration-ms="318" status="PASS">
          <reporter-output>
          </reporter-output>
        </test-method> <!-- teardown -->
        <test-method is-config="true" signature="setup(java.lang.String)[pri:0, instance:tests.ProductTest@1a677343]" started-at="2026-07-12T16:28:22 IST" name="setup" finished-at="2026-07-12T16:28:24 IST" duration-ms="2041" status="PASS">
          <params>
            <param index="0">
              <value>
                <![CDATA[chrome]]>
              </value>
            </param>
          </params>
          <reporter-output>
          </reporter-output>
        </test-method> <!-- setup -->
        <test-method signature="removeitems()[pri:2, instance:tests.ProductTest@1a677343]" started-at="2026-07-12T16:28:24 IST" name="removeitems" finished-at="2026-07-12T16:28:24 IST" duration-ms="335" status="PASS">
          <reporter-output>
          </reporter-output>
        </test-method> <!-- removeitems -->
        <test-method is-config="true" signature="teardown()[pri:0, instance:tests.ProductTest@1a677343]" started-at="2026-07-12T16:28:24 IST" name="teardown" finished-at="2026-07-12T16:28:25 IST" duration-ms="270" status="PASS">
          <reporter-output>
          </reporter-output>
        </test-method> <!-- teardown -->
        <test-method is-config="true" signature="setup(java.lang.String)[pri:0, instance:tests.ProductTest@1a677343]" started-at="2026-07-12T16:28:25 IST" name="setup" finished-at="2026-07-12T16:28:26 IST" duration-ms="1600" status="PASS">
          <params>
            <param index="0">
              <value>
                <![CDATA[chrome]]>
              </value>
            </param>
          </params>
          <reporter-output>
          </reporter-output>
        </test-method> <!-- setup -->
        <test-method signature="verifyProductPagelogo()[pri:3, instance:tests.ProductTest@1a677343]" started-at="2026-07-12T16:28:26 IST" name="verifyProductPagelogo" finished-at="2026-07-12T16:28:26 IST" duration-ms="63" status="PASS">
          <reporter-output>
          </reporter-output>
        </test-method> <!-- verifyProductPagelogo -->
        <test-method is-config="true" signature="teardown()[pri:0, instance:tests.ProductTest@1a677343]" started-at="2026-07-12T16:28:26 IST" name="teardown" finished-at="2026-07-12T16:28:27 IST" duration-ms="274" status="PASS">
          <reporter-output>
          </reporter-output>
        </test-method> <!-- teardown -->
        <test-method is-config="true" signature="setup(java.lang.String)[pri:0, instance:tests.ProductTest@1a677343]" started-at="2026-07-12T16:28:27 IST" name="setup" finished-at="2026-07-12T16:28:28 IST" duration-ms="1673" status="PASS">
          <params>
            <param index="0">
              <value>
                <![CDATA[chrome]]>
              </value>
            </param>
          </params>
          <reporter-output>
          </reporter-output>
        </test-method> <!-- setup -->
        <test-method signature="backtoprroduct()[pri:8, instance:tests.ProductTest@1a677343]" started-at="2026-07-12T16:28:28 IST" name="backtoprroduct" finished-at="2026-07-12T16:28:59 IST" duration-ms="30284" status="PASS">
          <reporter-output>
          </reporter-output>
        </test-method> <!-- backtoprroduct -->
        <test-method is-config="true" signature="teardown()[pri:0, instance:tests.ProductTest@1a677343]" started-at="2026-07-12T16:28:59 IST" name="teardown" finished-at="2026-07-12T16:28:59 IST" duration-ms="330" status="PASS">
          <reporter-output>
          </reporter-output>
        </test-method> <!-- teardown -->
      </class> <!-- tests.ProductTest -->
      <class name="tests.LoginPageTest">
        <test-method is-config="true" signature="setup(java.lang.String)[pri:0, instance:tests.LoginPageTest@6ed3ccb2]" started-at="2026-07-12T16:28:10 IST" name="setup" finished-at="2026-07-12T16:28:12 IST" duration-ms="1323" status="PASS">
          <params>
            <param index="0">
              <value>
                <![CDATA[chrome]]>
              </value>
            </param>
          </params>
          <reporter-output>
          </reporter-output>
        </test-method> <!-- setup -->
        <test-method signature="testing(java.lang.String,java.lang.String)[pri:1, instance:tests.LoginPageTest@6ed3ccb2]" started-at="2026-07-12T16:28:12 IST" name="testing" data-provider="k" finished-at="2026-07-12T16:28:12 IST" duration-ms="437" status="PASS">
          <params>
            <param index="0">
              <value>
                <![CDATA[standard_user]]>
              </value>
            </param>
            <param index="1">
              <value>
                <![CDATA[secret_sauce]]>
              </value>
            </param>
          </params>
          <reporter-output>
          </reporter-output>
        </test-method> <!-- testing -->
        <test-method is-config="true" signature="teardown()[pri:0, instance:tests.LoginPageTest@6ed3ccb2]" started-at="2026-07-12T16:28:12 IST" name="teardown" finished-at="2026-07-12T16:28:12 IST" duration-ms="280" status="PASS">
          <reporter-output>
          </reporter-output>
        </test-method> <!-- teardown -->
        <test-method is-config="true" signature="setup(java.lang.String)[pri:0, instance:tests.LoginPageTest@6ed3ccb2]" started-at="2026-07-12T16:28:12 IST" name="setup" finished-at="2026-07-12T16:28:14 IST" duration-ms="1260" status="PASS">
          <params>
            <param index="0">
              <value>
                <![CDATA[chrome]]>
              </value>
            </param>
          </params>
          <reporter-output>
          </reporter-output>
        </test-method> <!-- setup -->
        <test-method signature="testinglogincred()[pri:2, instance:tests.LoginPageTest@6ed3ccb2]" started-at="2026-07-12T16:28:14 IST" name="testinglogincred" finished-at="2026-07-12T16:28:14 IST" duration-ms="358" status="PASS">
          <reporter-output>
          </reporter-output>
        </test-method> <!-- testinglogincred -->
        <test-method is-config="true" signature="teardown()[pri:0, instance:tests.LoginPageTest@6ed3ccb2]" started-at="2026-07-12T16:28:14 IST" name="teardown" finished-at="2026-07-12T16:28:14 IST" duration-ms="301" status="PASS">
          <reporter-output>
          </reporter-output>
        </test-method> <!-- teardown -->
      </class> <!-- tests.LoginPageTest -->
    </test> <!-- Test1 -->
  </suite> <!-- Suite -->
</testng-results>
