<?xml version="1.0" encoding="UTF-8"?>
<!-- Generated by org.testng.reporters.JUnitReportReporter -->
<testsuite hostname="surya" failures="0" tests="6" name="tests.LoginPageTest" time="54.150" errors="0" timestamp="2026-07-27T20:10:48 IST" skipped="0">
  <testcase classname="tests.LoginPageTest" name="testing" time="14.297"/>
  <testcase classname="tests.LoginPageTest" name="testing" time="4.368"/>
  <testcase classname="tests.LoginPageTest" name="testing" time="6.355"/>
  <testcase classname="tests.LoginPageTest" name="testinglogincred" time="4.563"/>
  <testcase classname="tests.LoginPageTest" name="testinglogincred" time="18.417"/>
  <testcase classname="tests.LoginPageTest" name="testinglogincred" time="6.150"/>
</testsuite> <!-- tests.LoginPageTest -->
