<?xml version="1.0" encoding="UTF-8"?>
<!-- Generated by org.testng.reporters.JUnitReportReporter -->
<testsuite hostname="surya" failures="0" tests="5" name="tests.ProductTest" time="44.140" errors="0" timestamp="2026-07-12T16:29:00 IST" skipped="0">
  <testcase classname="tests.ProductTest" name="verifyProductPagetitle" time="4.999"/>
  <testcase classname="tests.ProductTest" name="inventryitems" time="2.215"/>
  <testcase classname="tests.ProductTest" name="removeitems" time="2.265"/>
  <testcase classname="tests.ProductTest" name="verifyProductPagelogo" time="2.062"/>
  <testcase classname="tests.ProductTest" name="backtoprroduct" time="32.599"/>
</testsuite> <!-- tests.ProductTest -->
