<?xml version="1.0" encoding="UTF-8"?>
<!-- Generated by org.testng.reporters.JUnitReportReporter -->
<testsuite hostname="surya" failures="0" tests="6" name="tests.LoginPageTest" time="45.164" errors="0" timestamp="2026-07-26T17:31:34 IST" skipped="0">
  <testcase classname="tests.LoginPageTest" name="testing" time="3.653"/>
  <testcase classname="tests.LoginPageTest" name="testing" time="12.807"/>
  <testcase classname="tests.LoginPageTest" name="testing" time="3.334"/>
  <testcase classname="tests.LoginPageTest" name="testinglogincred" time="15.482"/>
  <testcase classname="tests.LoginPageTest" name="testinglogincred" time="4.429"/>
  <testcase classname="tests.LoginPageTest" name="testinglogincred" time="5.459"/>
</testsuite> <!-- tests.LoginPageTest -->
