<?xml version="1.0" encoding="UTF-8"?>
<!-- Generated by org.testng.reporters.JUnitReportReporter -->
<testsuite hostname="surya" failures="0" tests="9" name="tests.cartTest" time="81.960" errors="0" timestamp="2026-07-27T20:10:48 IST" skipped="0">
  <testcase classname="tests.cartTest" name="cartest" time="7.354"/>
  <testcase classname="tests.cartTest" name="cartest" time="5.079"/>
  <testcase classname="tests.cartTest" name="cartest" time="8.036"/>
  <testcase classname="tests.cartTest" name="continueshoping" time="6.890"/>
  <testcase classname="tests.cartTest" name="continueshoping" time="21.842"/>
  <testcase classname="tests.cartTest" name="continueshoping" time="5.698"/>
  <testcase classname="tests.cartTest" name="checkout" time="5.242"/>
  <testcase classname="tests.cartTest" name="checkout" time="18.257"/>
  <testcase classname="tests.cartTest" name="checkout" time="3.562"/>
</testsuite> <!-- tests.cartTest -->
