<?xml version="1.0" encoding="UTF-8"?>
<!-- Generated by org.testng.reporters.JUnitReportReporter -->
<testsuite hostname="surya" failures="0" tests="3" name="tests.cartTest" time="7.364" errors="0" timestamp="2026-07-12T16:29:00 IST" skipped="0">
  <testcase classname="tests.cartTest" name="cartest" time="2.882"/>
  <testcase classname="tests.cartTest" name="continueshoping" time="2.211"/>
  <testcase classname="tests.cartTest" name="checkout" time="2.271"/>
</testsuite> <!-- tests.cartTest -->
