<?xml version="1.0" encoding="UTF-8"?>
<!-- Generated by org.testng.reporters.JUnitReportReporter -->
<testsuite hostname="surya" failures="0" tests="5" name="tests.ProductTest" time="60.974" errors="0" timestamp="2026-07-12T10:20:47 IST" skipped="0">
  <testcase classname="tests.ProductTest" name="verifyProductPagetitle" time="6.175"/>
  <testcase classname="tests.ProductTest" name="inventryitems" time="4.229"/>
  <testcase classname="tests.ProductTest" name="removeitems" time="3.783"/>
  <testcase classname="tests.ProductTest" name="verifyProductPagelogo" time="3.701"/>
  <testcase classname="tests.ProductTest" name="backtoprroduct" time="43.086"/>
</testsuite> <!-- tests.ProductTest -->
